12:46:28 [INFO] Log level is LevelWarn
12:46:33 [WARN] tls-server-cert.pem's hostname (172.17.2.5) is different from the one given in the configuration (172.17.2.26). This may cause connection problems.
12:46:33 [WARN] tls-client-cert.pem's hostname (172.17.2.5) is different from the one given in the configuration (172.17.2.26). This may cause connection problems.
InsecureConnectionDenied
InsecureConnectionDenied
InsecureConnectionDenied
InsecureConnectionDenied
InsecureConnectionDenied
InsecureConnectionDenied
InsecureConnectionDenied
InsecureConnectionDenied
InsecureConnectionDenied
InsecureConnectionDenied
InsecureConnectionDenied
InsecureConnectionDenied
InsecureConnectionDenied
InsecureConnectionDenied
InsecureConnectionDenied
InsecureConnectionDenied
InsecureConnectionDenied
InsecureConnectionDenied
InsecureConnectionDenied
InsecureConnectionDenied
InsecureConnectionDenied
InsecureConnectionDenied
InsecureConnectionDenied
HandshakeFailed (Error_Protocol ("certificate rejected: No chain",True,CertificateUnknown))
InsecureConnectionDenied
InsecureConnectionDenied
InsecureConnectionDenied
InsecureConnectionDenied
InsecureConnectionDenied
InsecureConnectionDenied
InsecureConnectionDenied
InsecureConnectionDenied
InsecureConnectionDenied
InsecureConnectionDenied
InsecureConnectionDenied
InsecureConnectionDenied
InsecureConnectionDenied
InsecureConnectionDenied
InsecureConnectionDenied
InsecureConnectionDenied
InsecureConnectionDenied
InsecureConnectionDenied
InsecureConnectionDenied
InsecureConnectionDenied
InsecureConnectionDenied
InsecureConnectionDenied
InsecureConnectionDenied
InsecureConnectionDenied
InsecureConnectionDenied
InsecureConnectionDenied
InsecureConnectionDenied
InsecureConnectionDenied
InsecureConnectionDenied
InsecureConnectionDenied
InsecureConnectionDenied
InsecureConnectionDenied
InsecureConnectionDenied
InsecureConnectionDenied
InsecureConnectionDenied
InsecureConnectionDenied
InsecureConnectionDenied
InsecureConnectionDenied
InsecureConnectionDenied
InsecureConnectionDenied
InsecureConnectionDenied
InsecureConnectionDenied
InsecureConnectionDenied
InsecureConnectionDenied
InsecureConnectionDenied
InsecureConnectionDenied
InsecureConnectionDenied
InsecureConnectionDenied
InsecureConnectionDenied
InsecureConnectionDenied
InsecureConnectionDenied
InsecureConnectionDenied
InsecureConnectionDenied
InsecureConnectionDenied
InsecureConnectionDenied
HandshakeFailed (Error_Protocol ("certificate rejected: No chain",True,CertificateUnknown))
InsecureConnectionDenied
InsecureConnectionDenied
InsecureConnectionDenied
InsecureConnectionDenied
InsecureConnectionDenied
InsecureConnectionDenied
InsecureConnectionDenied
InsecureConnectionDenied
InsecureConnectionDenied
InsecureConnectionDenied
InsecureConnectionDenied
InsecureConnectionDenied
InsecureConnectionDenied
InsecureConnectionDenied
InsecureConnectionDenied
InsecureConnectionDenied
InsecureConnectionDenied
InsecureConnectionDenied
InsecureConnectionDenied
InsecureConnectionDenied
InsecureConnectionDenied
InsecureConnectionDenied
InsecureConnectionDenied
InsecureConnectionDenied
InsecureConnectionDenied
InsecureConnectionDenied
InsecureConnectionDenied
InsecureConnectionDenied
InsecureConnectionDenied
InsecureConnectionDenied
InsecureConnectionDenied
InsecureConnectionDenied
InsecureConnectionDenied
InsecureConnectionDenied
InsecureConnectionDenied
InsecureConnectionDenied
InsecureConnectionDenied
HandshakeFailed (Error_Protocol ("certificate rejected: No chain",True,CertificateUnknown))
InsecureConnectionDenied
InsecureConnectionDenied
InsecureConnectionDenied
InsecureConnectionDenied
InsecureConnectionDenied
InsecureConnectionDenied
InsecureConnectionDenied
InsecureConnectionDenied
HandshakeFailed (Error_Protocol ("certificate rejected: No chain",True,CertificateUnknown))
InsecureConnectionDenied
InsecureConnectionDenied
InsecureConnectionDenied
InsecureConnectionDenied
InsecureConnectionDenied
InsecureConnectionDenied
InsecureConnectionDenied
InsecureConnectionDenied
InsecureConnectionDenied
InsecureConnectionDenied
